/home/rosdev/social_gym
/home/rosdev/social_gym
HERE
PARTIAL
INIT ENV
POSSILBE AGENT LENGHT: 20
NEW SCENARIO
BEFORE PYLANCE ISSUE
<Template memory:7facc26dbaf0>
AFTER PYLANCE ISSUE
Skipping rvis for manual zone until rospy initialized...
Skipping rvis for manual zone until rospy initialized...
... logging to /root/.ros/log/7ce67ccc-bd3d-11ed-a668-7085c2a5ad6d/roslaunch-rchandra-desktop-150.log
[1mstarted roslaunch server http://rchandra-desktop:45867/[0m

SUMMARY
========

PARAMETERS
 * /enable_statistics: True
 * /pedbot/control/driving_controller/pose_initial_theta: -1.5708
 * /pedbot/control/driving_controller/pose_initial_x: -1.45
 * /pedbot/control/driving_controller/pose_initial_y: 10.35
 * /pedsim_simulator/default_queue_size: 10
 * /pedsim_simulator/enable_groups: False
 * /pedsim_simulator/max_robot_speed: 1.5
 * /pedsim_simulator/robot_mode: 1
 * /pedsim_simulator/scene_file: /home/rosdev/soci...
 * /pedsim_simulator/simulation_factor: 1.0
 * /pedsim_simulator/spawn_period: 5.0
 * /pedsim_simulator/update_rate: 40.0
 * /rosdistro: noetic
 * /rosversion: 1.15.15
 * /rviz1/camera1/image/disable_pub_plugins: ['image_transport...

NODES
  /
    graph_navigation (graph_navigation/social_nav)
    pedsim_simulator (pedsim_simulator/pedsim_simulator)
    rviz (rviz/rviz)
    simulator11 (ut_multirobot_sim/simulator_link)
  /camera1/
    camera_broadcaster (tf/static_transform_publisher)
    camera_info (rostopic/rostopic)
  /pedbot/control/
    driving_controller (pedsim_simulator/simulate_diff_drive_robot)

[1mROS_MASTER_URI=http://localhost:11311[0m
[1mprocess[simulator11-1]: started with pid [186][0m
[1mprocess[rviz-2]: started with pid [187][0m
[1mprocess[camera1/camera_broadcaster-3]: started with pid [193][0m
[1mprocess[camera1/camera_info-4]: started with pid [197][0m
[1mprocess[graph_navigation-5]: started with pid [207][0m
[1mprocess[pedsim_simulator-6]: started with pid [215][0m
[1mprocess[pedbot/control/driving_controller-7]: started with pid [219][0m
+++
None
====
[0m[ INFO] [1678230737.255359316]: Updated sim with live config: Rate=40 incoming rate=40[0m
[0m[ INFO] [1678230737.261390957]: Using default queue size of 10 for publisher queues... [0m
[0m[ INFO] [1678230737.281580203]: Loading scene [/home/rosdev/social_gym/config/gym_gen/scene.xml] for simulation[0m
[0m[ INFO] [1678230737.311229567]: node initialized, now running [0m
Service Mode

UT Multi-Robot Simulator

Publish GoAlone message
Publish GoAlone message
Publish GoAlone message
Publish GoAlone message
Publish GoAlone message
Publish GoAlone message
Publish GoAlone message
Publish GoAlone message
Publish GoAlone message
Publish GoAlone message
Publish GoAlone message
Publish GoAlone message
Publish GoAlone message
Publish GoAlone message
Publish GoAlone message
Publish GoAlone message
Publish GoAlone message
Publish GoAlone message
Publish GoAlone message
Publish GoAlone message
RESETING
Loading /home/rosdev/social_gym/submodules/amrl_maps/envs/scenario/door/envs/scenario/door.navigation.json...
Loaded /home/rosdev/social_gym/submodules/amrl_maps/envs/scenario/door/envs/scenario/door.navigation.json with 44 states, 5 edges
RESETING
Loaded vector map /home/rosdev/social_gym/submodules/amrl_maps/envs/scenario/door/envs/scenario/door.navigation.json with 0 lines
Loading /home/rosdev/social_gym/submodules/amrl_maps/envs/scenario/door/envs/scenario/door.navigation.json...
Loaded /home/rosdev/social_gym/submodules/amrl_maps/envs/scenario/door/envs/scenario/door.navigation.json with 44 states, 5 edges
Loading /home/rosdev/social_gym/submodules/amrl_maps/envs/scenario/door/envs/scenario/door.navigation.json...
Loaded /home/rosdev/social_gym/submodules/amrl_maps/envs/scenario/door/envs/scenario/door.navigation.json with 44 states, 5 edges
Loading /home/rosdev/social_gym/submodules/amrl_maps/envs/scenario/door/envs/scenario/door.navigation.json...
Loaded /home/rosdev/social_gym/submodules/amrl_maps/envs/scenario/door/envs/scenario/door.navigation.json with 44 states, 5 edges
Loading /home/rosdev/social_gym/submodules/amrl_maps/envs/scenario/door/envs/scenario/door.navigation.json...
Loaded /home/rosdev/social_gym/submodules/amrl_maps/envs/scenario/door/envs/scenario/door.navigation.json with 44 states, 5 edges
Loading /home/rosdev/social_gym/submodules/amrl_maps/envs/scenario/door/envs/scenario/door.navigation.json...
Loaded /home/rosdev/social_gym/submodules/amrl_maps/envs/scenario/door/envs/scenario/door.navigation.json with 44 states, 5 edges
Loading /home/rosdev/social_gym/submodules/amrl_maps/envs/scenario/door/envs/scenario/door.navigation.json...
Loaded /home/rosdev/social_gym/submodules/amrl_maps/envs/scenario/door/envs/scenario/door.navigation.json with 44 states, 5 edges
Loading /home/rosdev/social_gym/submodules/amrl_maps/envs/scenario/door/envs/scenario/door.navigation.json...
Loaded /home/rosdev/social_gym/submodules/amrl_maps/envs/scenario/door/envs/scenario/door.navigation.json with 44 states, 5 edges
Loading /home/rosdev/social_gym/submodules/amrl_maps/envs/scenario/door/envs/scenario/door.navigation.json...
Loaded /home/rosdev/social_gym/submodules/amrl_maps/envs/scenario/door/envs/scenario/door.navigation.json with 44 states, 5 edges
Loading /home/rosdev/social_gym/submodules/amrl_maps/envs/scenario/door/envs/scenario/door.navigation.json...
Loaded /home/rosdev/social_gym/submodules/amrl_maps/envs/scenario/door/envs/scenario/door.navigation.json with 44 states, 5 edges
Loading /home/rosdev/social_gym/submodules/amrl_maps/envs/scenario/door/envs/scenario/door.navigation.json...
Loaded /home/rosdev/social_gym/submodules/amrl_maps/envs/scenario/door/envs/scenario/door.navigation.json with 44 states, 5 edges
Loading /home/rosdev/social_gym/submodules/amrl_maps/envs/scenario/door/envs/scenario/door.navigation.json...
Loaded /home/rosdev/social_gym/submodules/amrl_maps/envs/scenario/door/envs/scenario/door.navigation.json with 44 states, 5 edges
Loading /home/rosdev/social_gym/submodules/amrl_maps/envs/scenario/door/envs/scenario/door.navigation.json...
Loaded /home/rosdev/social_gym/submodules/amrl_maps/envs/scenario/door/envs/scenario/door.navigation.json with 44 states, 5 edges
Loading /home/rosdev/social_gym/submodules/amrl_maps/envs/scenario/door/envs/scenario/door.navigation.json...
Loaded /home/rosdev/social_gym/submodules/amrl_maps/envs/scenario/door/envs/scenario/door.navigation.json with 44 states, 5 edges
Loading /home/rosdev/social_gym/submodules/amrl_maps/envs/scenario/door/envs/scenario/door.navigation.json...
Loaded /home/rosdev/social_gym/submodules/amrl_maps/envs/scenario/door/envs/scenario/door.navigation.json with 44 states, 5 edges
Loading /home/rosdev/social_gym/submodules/amrl_maps/envs/scenario/door/envs/scenario/door.navigation.json...
Loaded /home/rosdev/social_gym/submodules/amrl_maps/envs/scenario/door/envs/scenario/door.navigation.json with 44 states, 5 edges
Loading /home/rosdev/social_gym/submodules/amrl_maps/envs/scenario/door/envs/scenario/door.navigation.json...
Loaded /home/rosdev/social_gym/submodules/amrl_maps/envs/scenario/door/envs/scenario/door.navigation.json with 44 states, 5 edges
Loading /home/rosdev/social_gym/submodules/amrl_maps/envs/scenario/door/envs/scenario/door.navigation.json...
Loaded /home/ros[FrameInfo(frame=<frame at 0x64cbc50, file '/home/rosdev/social_gym/src/environment/services/utmrs.py', line 65, code __init__>, filename='/home/rosdev/social_gym/src/environment/services/utmrs.py', lineno=65, function='__init__', code_context=['        print(inspect.stack(), flush=True)\n'], index=0), FrameInfo(frame=<frame at 0x6485520, file '/home/rosdev/social_gym/src/environment/ros_social_gym.py', line 204, code __init__>, filename='/home/rosdev/social_gym/src/environment/ros_social_gym.py', lineno=204, function='__init__', code_context=['        self.utmrs_service = UTMRS()\n'], index=0), FrameInfo(frame=<frame at 0x64852f0, file '/home/rosdev/social_gym/src/environment/environment_types/manual_zone.py', line 127, code __init__>, filename='/home/rosdev/social_gym/src/environment/environment_types/manual_zone.py', lineno=127, function='__init__', code_context=['        super().__init__(\n'], index=0), FrameInfo(frame=<frame at 0x5f51c40, file 'src/config_run.py', line 395, code run>, filename='src/config_run.py', lineno=395, function='run', code_context=['  env = ENV_CLASS(observer=observer, rewarder=rewarder, scenarios=scenarios, num_humans=0, num_agents=num_agents if isinstance(num_agents, int) else max(num_agents[-1][1], eval_num_agents[-1]), debug=debug)\n'], index=0), FrameInfo(frame=<frame at 0x1b67fc0, file 'src/config_run.py', line 521, code <module>>, filename='src/config_run.py', lineno=521, function='<module>', code_context=['  run(\n'], index=0)]
------
Waiting on UTMRS
Found UTMRS
THIS HAS CHANGED
POSSILBE AGENT LENGHT: 20
NEW SCENARIO
BEFORE PYLANCE ISSUE
<Template memory:7facc26c5b50>
AFTER PYLANCE ISSUE
We've already instantiated yo!
Publish GoAlone message
Publish GoAlone message
Publish GoAlone message
Publish GoAlone message
Publish GoAlone message
Publish GoAlone message
Publish GoAlone message
Publish GoAlone message
Publish GoAlone message
Publish GoAlone message
Publish GoAlone message
Publish GoAlone message
Publish GoAlone message
Publish GoAlone message
Publish GoAlone message
Publish GoAlone message
Publish GoAlone message
Publish GoAlone message
Publish GoAlone message
Publish GoAlone message
Loading maps/envs/scenario/door/door.vectormap.txt
Using cuda:0 device
Making tensorboard summary writer at /home/rosdev/social_gym/data/1_31_23/door/sacadrl_1/tensorboard__SACADRL
Making tensorboard summary writer at /home/rosdev/social_gym/data/1_31_23/door/sacadrl_1/tensorboard__SACADRL
{'number_of_collisions': 0, 'full_successes': True, 'successful_agents': 0, 'velocity_changes': 0}
NEW SCENARIO
UPDATING AGENTS: 3
UPDATING LENGTH OF POSSIBLE AGENTS: 3
BEFORE PYLANCE ISSUE
RESETING
dev/social_gym/submodules/amrl_maps/envs/scenario/door/envs/scenario/door.navigation.json with 44 states, 5 edges
Loading /home/rosdev/social_gym/submodules/amrl_maps/envs/scenario/door/envs/scenario/door.navigation.json...
Loaded /home/rosdev/social_gym/submodules/amrl_maps/envs/scenario/door/envs/scenario/door.navigation.json with 44 states, 5 edges
Loading /home/rosdev/social_gym/submodules/amrl_maps/envs/scenario/door/envs/scenario/door.navigation.json...
Loaded /home/rosdev/social_gym/submodules/amrl_maps/envs/scenario/door/envs/scenario/door.navigation.json with 44 states, 5 edges
Loading /home/rosdev/social_gym/submodules/amrl_maps/envs/scenario/door/envs/scenario/door.navigation.json...
Loaded /home/rosdev/social_gym/submodules/amrl_maps/envs/scenario/door/envs/scenario/door.navigation.json with 44 states, 5 edges
RESETING
Loading /home/rosdev/social_gym/submodules/amrl_maps/envs/scenario/door/envs/scenario/door.navigation.json...
Loaded /home/rosdev/social_gym/submodules/amrl_maps/envs/scenario/door/envs/scenario/door.navigation.json with 44 states, 5 edges
Loading /home/rosdev/social_gym/submodules/amrl_maps/envs/scenario/door/envs/scenario/door.navigation.json...
Loaded /home/rosdev/social_gym/submodules/amrl_maps/envs/scenario/door/envs/scenario/door.navigation.json with 44 states, 5 edges
Loading /home/rosdev/social_gym/submodules/amrl_maps/envs/scenario/door/envs/scenario/door.navigation.json...
Loaded /home/rosdev/social_gym/submodules/amrl_maps/envs/scenario/door/envs/scenario/door.navigation.json with 44 states, 5 edges
Loading /home/rosdev/social_gym/submodules/amrl_maps/envs/scenario/door/envs/scenario/door.navigation.json...
Loaded /home/rosdev/social_gym/submodules/amrl_maps/envs/scenario/door/envs/scenario/door.navigation.json with 44 states, 5 edges
Loading /home/rosdev/social_gym/submodules/amrl_maps/envs/scenario/door/envs/scenario/door.navigation.json...
Loaded /home/rosdev/social_gym/submodules/amrl_maps/envs/scenario/door/envs/scenario/door.navigation.json with 44 states, 5 edges
Loading /home/rosdev/social_gym/submodules/amrl_maps/envs/scenario/door/envs/scenario/door.navigation.json...
Loaded /home/rosdev/social_gym/submodules/amrl_maps/envs/scenario/door/envs/scenario/door.navigation.json with 44 states, 5 edges
Loading /home/rosdev/social_gym/submodules/amrl_maps/envs/scenario/door/envs/scenario/door.navigation.json...
Loaded /home/rosdev/social_gym/submodules/amrl_maps/envs/scenario/door/envs/scenario/door.navigation.json with 44 states, 5 edges
Loading /home/rosdev/social_gym/submodules/amrl_maps/envs/scenario/door/envs/scenario/door.navigation.json...
Loaded /home/rosdev/social_gym/submodules/amrl_maps/envs/scenario/door/envs/scenario/door.navigation.json with 44 states, 5 edges
Loading /home/rosdev/social_gym/submodules/amrl_maps/envs/scenario/door/envs/scenario/door.navigation.json...
Loaded /home/rosdev/social_gym/submodules/amrl_maps/envs/scenario/door/envs/scenario/door.navigation.json with 44 states, 5 edges
Loading /home/rosdev/social_gym/submodules/amrl_maps/envs/scenario/door/envs/scenario/door.navigation.json...
Loaded /home/rosdev/social_gym/submodules/amrl_maps/envs/scenario/door/envs/scenario/door.navigation.json with 44 states, 5 edges
Loading /home/rosdev/social_gym/submodules/amrl_maps/envs/scenario/door/envs/scenario/door.navigation.json...
Loaded /home/rosdev/social_gym/submodules/amrl_maps/envs/scenario/door/envs/scenario/door.navigation.json with 44 states, 5 edges
Loading /home/rosdev/social_gym/submodules/amrl_maps/envs/scenario/door/envs/scenario/door.navigation.json...
Loaded /home/rosdev/social_gym/submodules/amrl_maps/envs/scenario/door/envs/scenario/door.navigation.json with 44 states, 5 edges
Loading /home/rosdev/social_gym/submodules/amrl_maps/envs/scenario/door/envs/scenario/door.navigation.json...
Loaded /home/rosdev/social_gym/submodules/amrl_maps/envs/scenario/door/envs/scenario/door.navigation.json with 44 states, 5 edges
Loading /home/rosdev/social_gym/submodules/amrl_maps/envs/scenario/door/envs/scenario/door.navigation.json...
Loaded /home/rosdev/social_gym/submodules/amrl_maps/envs/scenario/door/envs/scenario/door.navigation.json with 44 states, 5 edges
Loading /home/rosdev/social_gym/submodules/amrl_maps/envs/scenario/door/envs/scenario/door.navigation.json...
Loaded /home/rosdev/social_gym/submodules/amrl_maps/envs/scenario/door/envs/scenario/door.navigation.json with 44 states, 5 edges
Loading /home/rosdev/social_gym/submodules/amrl_maps/envs/scenario/door/envs/scenario/door.navigation.json...
Loaded /home/rosdev/social_gym/submodules/amrl_maps/envs/scenario/door/envs/scenario/door.navigation.json with 44 states, 5 edges
Loading /home/rosdev/social_gym/submodules/amrl_maps/envs/scenario/door/envs/scenario/door.navigation.json...
Loaded /home/rosdev/social_gym/submodules/amrl_maps/envs/scenario/door/envs/scenario/door.navigation.json with 44 states, 5 edges
Loading /home/roPublish GoAlone message
Publish GoAlone message
Publish GoAlone message
Loading maps/envs/scenario/door/door.vectormap.txt
RESETING
sdev/social_gym/submodules/amrl_maps/envs/scenario/door/envs/scenario/door.navigation.json...
Loaded /home/rosdev/social_gym/submodules/amrl_maps/envs/scenario/door/envs/scenario/door.navigation.json with 44 states, 5 edges
Loading /home/rosdev/social_gym/submodules/amrl_maps/envs/scenario/door/envs/scenario/door.navigation.json...
Loaded /home/rosdev/social_gym/submodules/amrl_maps/envs/scenario/door/envs/scenario/door.navigation.json with 44 states, 5 edges
Loading /home/rosdev/social_gym/submodules/amrl_maps/envs/scenario/door/envs/scenario/door.navigation.json...
Loaded /home/rosdev/social_gym/submodules/amrl_maps/envs/scenario/door/envs/scenario/door.navigation.json with 44 states, 5 edges
RESETING
Publish GoAlone message
Publish GoAlone message
Publish GoAlone message
Loading maps/envs/scenario/door/door.vectormap.txt
<Template memory:7facf4d8b6d0>
AFTER PYLANCE ISSUE
Loading /home/rosdev/social_gym/submodules/amrl_maps/envs/scenario/door/envs/scenario/door.navigation.json...
Loaded /home/rosdev/social_gym/submodules/amrl_maps/envs/scenario/door/envs/scenario/door.navigation.json with 44 states, 5 edges
Loading /home/rosdev/social_gym/submodules/amrl_maps/envs/scenario/door/envs/scenario/door.navigation.json...
Loaded /home/rosdev/social_gym/submodules/amrl_maps/envs/scenario/door/envs/scenario/door.navigation.json with 44 states, 5 edges
Loading /home/rosdev/social_gym/submodules/amrl_maps/envs/scenario/door/envs/scenario/door.navigation.json...
Loaded /home/rosdev/social_gym/submodules/amrl_maps/envs/scenario/door/envs/scenario/door.navigation.json with 44 states, 5 edges
Run-time stats for RunObstacleAvoidance : mean run time = 6.050965 ms, invocations = 28
Run-time stats for AStar : mean run time = 0.010633 ms, invocations = 29
Run-time stats for Plan : mean run time = 0.013695 ms, invocations = 29
closing.
Run-time stats for GetPredictedScan : mean run time = 0.317508 ms, invocations = 58
Run-time stats for Pass : mean run time = -nan ms, invocations = 0
Run-time stats for Follow : mean run time = -nan ms, invocations = 0
Run-time stats for GoAlone : mean run time = 0.004595 ms, invocations = 46
Run-time stats for Halt : mean run time = -nan ms, invocations = 0
Run-time stats for Publishing Halt : mean run time = -nan ms, invocations = 0
Run-time stats for Step : mean run time = 43.540331 ms, invocations = 1
Run-time stats for StepUTMRS : mean run time = 38.623176 ms, invocations = 1
Run-time stats for StepPedsim : mean run time = 4.915374 ms, invocations = 1
[pedbot/control/driving_controller-7] killing on exit
[pedsim_simulator-6] killing on exit
[graph_navigation-5] killing on exit
[camera1/camera_info-4] killing on exit
[camera1/camera_broadcaster-3] killing on exit
[rviz-2] killing on exit
[simulator11-1] killing on exit
